TN:
SF:models\userModel.js
FN:8,validate
FNF:1
FNH:1
FNDA:1,validate
DA:1,1
DA:2,1
DA:3,1
DA:4,1
DA:5,1
DA:6,1
DA:7,1
DA:8,1
DA:9,1
DA:10,0
DA:11,0
DA:12,1
DA:13,1
DA:14,1
DA:15,1
DA:16,1
DA:17,1
DA:18,1
DA:19,1
DA:20,1
DA:21,1
LF:21
LH:19
BRDA:8,0,0,1
BRDA:9,1,0,0
BRF:2
BRH:1
end_of_record
TN:
SF:repository\repository.js
FN:2,Repository
FN:5,execute
FN:20,getItemsSorted
FN:26,getItems
FN:29,createItem
FN:34,getItemById
FN:37,getItemByProperty
FN:40,deleteItem
FN:44,updateItem
FNF:9
FNH:4
FNDA:1,Repository
FNDA:4,execute
FNDA:0,getItemsSorted
FNDA:3,getItems
FNDA:1,createItem
FNDA:0,getItemById
FNDA:0,getItemByProperty
FNDA:0,deleteItem
FNDA:0,updateItem
DA:1,1
DA:2,1
DA:3,1
DA:4,1
DA:5,1
DA:6,4
DA:7,4
DA:8,4
DA:9,4
DA:10,4
DA:11,4
DA:12,4
DA:13,0
DA:14,0
DA:15,0
DA:16,0
DA:17,0
DA:18,4
DA:19,1
DA:20,1
DA:21,0
DA:22,0
DA:23,0
DA:24,0
DA:25,1
DA:26,1
DA:27,3
DA:28,3
DA:29,1
DA:30,1
DA:31,1
DA:32,1
DA:33,1
DA:34,1
DA:35,0
DA:36,0
DA:37,1
DA:38,0
DA:39,0
DA:40,1
DA:41,0
DA:42,0
DA:43,1
DA:44,1
DA:45,0
DA:46,0
DA:47,0
DA:48,0
DA:49,0
DA:50,0
DA:51,0
DA:52,0
DA:53,0
DA:54,0
DA:55,0
DA:56,0
DA:57,0
DA:58,0
DA:59,0
DA:60,0
DA:61,0
DA:62,0
DA:63,0
DA:64,1
LF:64
LH:30
BRDA:2,0,0,1
BRDA:5,1,0,4
BRDA:12,2,0,0
BRDA:26,3,0,3
BRDA:29,4,0,1
BRF:5
BRH:4
end_of_record
TN:
SF:services\UserService.js
FN:4,UserService
FN:9,getUsers
FN:13,checkUser
FN:30,createUser
FN:40,getUserById
FN:50,deleteUser
FN:53,updateUser
FNF:7
FNH:3
FNDA:1,UserService
FNDA:3,getUsers
FNDA:0,checkUser
FNDA:1,createUser
FNDA:0,getUserById
FNDA:0,deleteUser
FNDA:0,updateUser
DA:1,1
DA:2,1
DA:3,1
DA:4,1
DA:5,1
DA:6,1
DA:7,1
DA:8,1
DA:9,1
DA:10,3
DA:11,3
DA:12,1
DA:13,1
DA:14,0
DA:15,0
DA:16,0
DA:17,0
DA:18,0
DA:19,0
DA:20,0
DA:21,0
DA:22,0
DA:23,0
DA:24,0
DA:25,0
DA:26,0
DA:27,0
DA:28,0
DA:29,1
DA:30,1
DA:31,1
DA:32,1
DA:33,1
DA:34,1
DA:35,1
DA:36,1
DA:37,1
DA:38,1
DA:39,1
DA:40,1
DA:41,0
DA:42,0
DA:43,0
DA:44,0
DA:45,0
DA:46,0
DA:47,0
DA:48,0
DA:49,0
DA:50,1
DA:51,0
DA:52,0
DA:53,1
DA:54,0
DA:55,0
DA:56,0
DA:57,1
LF:57
LH:28
BRDA:4,0,0,1
BRDA:9,1,0,3
BRDA:30,2,0,1
BRF:3
BRH:3
end_of_record
